<?xml version="1.0" encoding="UTF-8"?>
<testsuite name="com.example.SelenideGradleFramework.MainTest" tests="1" skipped="0" failures="0" errors="0" timestamp="2021-06-13T03:22:25" hostname="ip-192-168-1-7.us-west-2.compute.internal" time="9.946">
  <properties/>
  <testcase name="todoMvc()" classname="com.example.SelenideGradleFramework.MainTest" time="9.946"/>
  <system-out><![CDATA[]]></system-out>
  <system-err><![CDATA[[Test worker] INFO com.codeborne.selenide.impl.WebDriverThreadLocalContainer - No webdriver is bound to current thread: 13 - let's create a new webdriver
[Test worker] INFO com.codeborne.selenide.impl.FileHelper - Creating folder: /Users/jasoncarmona/Documents/Documents - TRC-ENG-1194-JHD4-MBP/SelenideGradleFramework/build/downloads/1623554545320_26050_13
[Test worker] INFO io.github.bonigarcia.wdm.WebDriverManager - Using chromedriver 91.0.4472.101 (resolved driver for Chrome 91)
[Test worker] INFO io.github.bonigarcia.wdm.WebDriverManager - Exporting webdriver.chrome.driver as /Users/jasoncarmona/.cache/selenium/chromedriver/mac64/91.0.4472.101/chromedriver
Starting ChromeDriver 91.0.4472.101 (af52a90bf87030dd1523486a1cd3ae25c5d76c9b-refs/branch-heads/4472@{#1462}) on port 31575
Only local connections are allowed.
Please see https://chromedriver.chromium.org/security-considerations for suggestions on keeping ChromeDriver safe.
ChromeDriver was started successfully.
Jun 13, 2021 11:22:30 AM org.openqa.selenium.remote.ProtocolHandshake createSession
INFO: Detected dialect: W3C
[Test worker] INFO com.codeborne.selenide.webdriver.WebDriverFactory - BrowserName=chrome Version=91.0.4472.101 Platform=MAC
[Test worker] INFO com.codeborne.selenide.webdriver.WebDriverFactory - Selenide v. 5.20.4
[Test worker] INFO com.codeborne.selenide.webdriver.WebDriverFactory - Selenium WebDriver v. 3.141.59 build time: 2018-11-14T08:17:03
[Test worker] INFO com.codeborne.selenide.drivercommands.CreateDriverCommand - Create webdriver in current thread 13: ChromeDriver -> ChromeDriver: chrome on MAC (30b1aff6ddc99bda7ce3d47b28cabfde)
]]></system-err>
</testsuite>
